<?xml version="1.0" encoding="UTF-8"?>
<!-- Generated by org.testng.reporters.JUnitReportReporter -->
<testsuite skipped="0" hostname="TCGROUPAVILIONGAMING" name="test.java.carritocompras.CarritoComprasTest" tests="1" failures="0" timestamp="2022-10-13T17:39:42 CLST" time="1192.192" errors="0">
  <testcase name="QAS12" time="1192.192" classname="test.java.carritocompras.CarritoComprasTest"/>
  <system-out/>
</testsuite> <!-- test.java.carritocompras.CarritoComprasTest -->
